<?xml version="1.0" encoding="UTF-8"?>
<testsuite xmlns:xsi="http://www.w3.org/2001/XMLSchema-instance" xsi:noNamespaceSchemaLocation="https://maven.apache.org/surefire/maven-surefire-plugin/xsd/surefire-test-report-3.0.xsd" version="3.0" name="org.example.uno.cards.DrawOneCardTest" time="0.029" tests="3" errors="0" skipped="0" failures="0">
  <properties>
    <property name="java.specification.version" value="21"/>
    <property name="sun.jnu.encoding" value="UTF-8"/>
    <property name="java.class.path" value="/Users/hajarassim/Desktop/school/third_year/fall/sysc_3110/group_project/project/target/test-classes:/Users/hajarassim/Desktop/school/third_year/fall/sysc_3110/group_project/project/target/classes:/Users/hajarassim/.m2/repository/org/apache/maven/plugins/maven-plugin-plugin/3.10.2/maven-plugin-plugin-3.10.2.jar:/Users/hajarassim/.m2/repository/org/apache/maven/plugin-tools/maven-plugin-tools-api/3.10.2/maven-plugin-tools-api-3.10.2.jar:/Users/hajarassim/.m2/repository/org/apache/maven/maven-core/3.2.5/maven-core-3.2.5.jar:/Users/hajarassim/.m2/repository/org/apache/maven/maven-settings/3.2.5/maven-settings-3.2.5.jar:/Users/hajarassim/.m2/repository/org/apache/maven/maven-settings-builder/3.2.5/maven-settings-builder-3.2.5.jar:/Users/hajarassim/.m2/repository/org/apache/maven/maven-repository-metadata/3.2.5/maven-repository-metadata-3.2.5.jar:/Users/hajarassim/.m2/repository/org/apache/maven/maven-model-builder/3.2.5/maven-model-builder-3.2.5.jar:/Users/hajarassim/.m2/repository/org/apache/maven/maven-aether-provider/3.2.5/maven-aether-provider-3.2.5.jar:/Users/hajarassim/.m2/repository/org/eclipse/aether/aether-spi/1.0.0.v20140518/aether-spi-1.0.0.v20140518.jar:/Users/hajarassim/.m2/repository/org/eclipse/aether/aether-impl/1.0.0.v20140518/aether-impl-1.0.0.v20140518.jar:/Users/hajarassim/.m2/repository/org/eclipse/aether/aether-api/1.0.0.v20140518/aether-api-1.0.0.v20140518.jar:/Users/hajarassim/.m2/repository/org/eclipse/aether/aether-util/1.0.0.v20140518/aether-util-1.0.0.v20140518.jar:/Users/hajarassim/.m2/repository/org/sonatype/sisu/sisu-guice/3.2.3/sisu-guice-3.2.3-no_aop.jar:/Users/hajarassim/.m2/repository/aopalliance/aopalliance/1.0/aopalliance-1.0.jar:/Users/hajarassim/.m2/repository/com/google/guava/guava/16.0.1/guava-16.0.1.jar:/Users/hajarassim/.m2/repository/org/codehaus/plexus/plexus-interpolation/1.21/plexus-interpolation-1.21.jar:/Users/hajarassim/.m2/repository/org/codehaus/plexus/plexus-classworlds/2.5.2/plexus-classworlds-2.5.2.jar:/Users/hajarassim/.m2/repository/org/codehaus/plexus/plexus-component-annotations/1.5.5/plexus-component-annotations-1.5.5.jar:/Users/hajarassim/.m2/repository/org/sonatype/plexus/plexus-sec-dispatcher/1.3/plexus-sec-dispatcher-1.3.jar:/Users/hajarassim/.m2/repository/org/sonatype/plexus/plexus-cipher/1.4/plexus-cipher-1.4.jar:/Users/hajarassim/.m2/repository/org/apache/maven/maven-model/3.2.5/maven-model-3.2.5.jar:/Users/hajarassim/.m2/repository/org/apache/maven/maven-plugin-api/3.2.5/maven-plugin-api-3.2.5.jar:/Users/hajarassim/.m2/repository/org/apache/maven/maven-artifact/3.2.5/maven-artifact-3.2.5.jar:/Users/hajarassim/.m2/repository/org/slf4j/slf4j-api/1.7.36/slf4j-api-1.7.36.jar:/Users/hajarassim/.m2/repository/org/apache/maven/reporting/maven-reporting-api/3.1.1/maven-reporting-api-3.1.1.jar:/Users/hajarassim/.m2/repository/org/apache/maven/doxia/doxia-sink-api/1.11.1/doxia-sink-api-1.11.1.jar:/Users/hajarassim/.m2/repository/org/apache/maven/doxia/doxia-logging-api/1.11.1/doxia-logging-api-1.11.1.jar:/Users/hajarassim/.m2/repository/org/codehaus/plexus/plexus-xml/3.0.0/plexus-xml-3.0.0.jar:/Users/hajarassim/.m2/repository/org/apache/httpcomponents/httpclient/4.5.14/httpclient-4.5.14.jar:/Users/hajarassim/.m2/repository/commons-logging/commons-logging/1.2/commons-logging-1.2.jar:/Users/hajarassim/.m2/repository/commons-codec/commons-codec/1.11/commons-codec-1.11.jar:/Users/hajarassim/.m2/repository/org/apache/httpcomponents/httpcore/4.4.16/httpcore-4.4.16.jar:/Users/hajarassim/.m2/repository/org/apache/maven/wagon/wagon-provider-api/2.4/wagon-provider-api-2.4.jar:/Users/hajarassim/.m2/repository/org/codehaus/plexus/plexus-java/1.2.0/plexus-java-1.2.0.jar:/Users/hajarassim/.m2/repository/org/apache/maven/plugin-tools/maven-plugin-tools-generators/3.10.2/maven-plugin-tools-generators-3.10.2.jar:/Users/hajarassim/.m2/repository/org/apache/velocity/velocity/1.7/velocity-1.7.jar:/Users/hajarassim/.m2/repository/commons-lang/commons-lang/2.4/commons-lang-2.4.jar:/Users/hajarassim/.m2/repository/org/ow2/asm/asm/9.6/asm-9.6.jar:/Users/hajarassim/.m2/repository/org/ow2/asm/asm-commons/9.6/asm-commons-9.6.jar:/Users/hajarassim/.m2/repository/org/ow2/asm/asm-tree/9.6/asm-tree-9.6.jar:/Users/hajarassim/.m2/repository/org/jsoup/jsoup/1.16.2/jsoup-1.16.2.jar:/Users/hajarassim/.m2/repository/net/sf/jtidy/jtidy/r938/jtidy-r938.jar:/Users/hajarassim/.m2/repository/org/apache/maven/plugin-tools/maven-plugin-tools-java/3.10.2/maven-plugin-tools-java-3.10.2.jar:/Users/hajarassim/.m2/repository/org/eclipse/sisu/org.eclipse.sisu.plexus/0.9.0.M2/org.eclipse.sisu.plexus-0.9.0.M2.jar:/Users/hajarassim/.m2/repository/javax/annotation/javax.annotation-api/1.2/javax.annotation-api-1.2.jar:/Users/hajarassim/.m2/repository/javax/enterprise/cdi-api/1.2/cdi-api-1.2.jar:/Users/hajarassim/.m2/repository/org/eclipse/sisu/org.eclipse.sisu.inject/0.9.0.M2/org.eclipse.sisu.inject-0.9.0.M2.jar:/Users/hajarassim/.m2/repository/com/thoughtworks/qdox/qdox/2.0.3/qdox-2.0.3.jar:/Users/hajarassim/.m2/repository/org/apache/maven/plugin-tools/maven-plugin-tools-annotations/3.10.2/maven-plugin-tools-annotations-3.10.2.jar:/Users/hajarassim/.m2/repository/org/codehaus/plexus/plexus-archiver/4.8.0/plexus-archiver-4.8.0.jar:/Users/hajarassim/.m2/repository/javax/inject/javax.inject/1/javax.inject-1.jar:/Users/hajarassim/.m2/repository/org/codehaus/plexus/plexus-io/3.4.1/plexus-io-3.4.1.jar:/Users/hajarassim/.m2/repository/commons-io/commons-io/2.13.0/commons-io-2.13.0.jar:/Users/hajarassim/.m2/repository/org/apache/commons/commons-compress/1.23.0/commons-compress-1.23.0.jar:/Users/hajarassim/.m2/repository/org/iq80/snappy/snappy/0.4/snappy-0.4.jar:/Users/hajarassim/.m2/repository/org/tukaani/xz/1.9/xz-1.9.jar:/Users/hajarassim/.m2/repository/com/github/luben/zstd-jni/1.5.5-5/zstd-jni-1.5.5-5.jar:/Users/hajarassim/.m2/repository/org/ow2/asm/asm-util/9.6/asm-util-9.6.jar:/Users/hajarassim/.m2/repository/org/ow2/asm/asm-analysis/9.6/asm-analysis-9.6.jar:/Users/hajarassim/.m2/repository/org/apache/maven/plugin-tools/maven-plugin-annotations/3.10.2/maven-plugin-annotations-3.10.2.jar:/Users/hajarassim/.m2/repository/org/codehaus/plexus/plexus-utils/4.0.0/plexus-utils-4.0.0.jar:/Users/hajarassim/.m2/repository/org/codehaus/plexus/plexus-velocity/1.2/plexus-velocity-1.2.jar:/Users/hajarassim/.m2/repository/commons-collections/commons-collections/3.1/commons-collections-3.1.jar:/Users/hajarassim/.m2/repository/org/sonatype/plexus/plexus-build-api/0.0.7/plexus-build-api-0.0.7.jar:/Users/hajarassim/.m2/repository/org/junit/jupiter/junit-jupiter-api/5.8.2/junit-jupiter-api-5.8.2.jar:/Users/hajarassim/.m2/repository/org/opentest4j/opentest4j/1.2.0/opentest4j-1.2.0.jar:/Users/hajarassim/.m2/repository/org/junit/platform/junit-platform-commons/1.8.2/junit-platform-commons-1.8.2.jar:/Users/hajarassim/.m2/repository/org/apiguardian/apiguardian-api/1.1.2/apiguardian-api-1.1.2.jar:/Users/hajarassim/.m2/repository/org/junit/jupiter/junit-jupiter-engine/5.8.2/junit-jupiter-engine-5.8.2.jar:/Users/hajarassim/.m2/repository/org/junit/platform/junit-platform-engine/1.8.2/junit-platform-engine-1.8.2.jar:/Users/hajarassim/.m2/repository/junit/junit/4.13.2/junit-4.13.2.jar:/Users/hajarassim/.m2/repository/org/hamcrest/hamcrest-core/1.3/hamcrest-core-1.3.jar:"/>
    <property name="java.vm.vendor" value="Oracle Corporation"/>
    <property name="sun.arch.data.model" value="64"/>
    <property name="java.vendor.url" value="https://java.oracle.com/"/>
    <property name="os.name" value="Mac OS X"/>
    <property name="java.vm.specification.version" value="21"/>
    <property name="sun.java.launcher" value="SUN_STANDARD"/>
    <property name="user.country" value="CA"/>
    <property name="sun.boot.library.path" value="/Users/hajarassim/Library/Java/JavaVirtualMachines/openjdk-21.0.1/Contents/Home/lib"/>
    <property name="sun.java.command" value="/Users/hajarassim/Desktop/school/third_year/fall/sysc_3110/group_project/project/target/surefire/surefirebooter-20231126191055226_3.jar /Users/hajarassim/Desktop/school/third_year/fall/sysc_3110/group_project/project/target/surefire 2023-11-26T19-10-55_192-jvmRun1 surefire-20231126191055226_1tmp surefire_0-20231126191055226_2tmp"/>
    <property name="http.nonProxyHosts" value="local|*.local|169.254/16|*.169.254/16"/>
    <property name="jdk.debug" value="release"/>
    <property name="surefire.test.class.path" value="/Users/hajarassim/Desktop/school/third_year/fall/sysc_3110/group_project/project/target/test-classes:/Users/hajarassim/Desktop/school/third_year/fall/sysc_3110/group_project/project/target/classes:/Users/hajarassim/.m2/repository/org/apache/maven/plugins/maven-plugin-plugin/3.10.2/maven-plugin-plugin-3.10.2.jar:/Users/hajarassim/.m2/repository/org/apache/maven/plugin-tools/maven-plugin-tools-api/3.10.2/maven-plugin-tools-api-3.10.2.jar:/Users/hajarassim/.m2/repository/org/apache/maven/maven-core/3.2.5/maven-core-3.2.5.jar:/Users/hajarassim/.m2/repository/org/apache/maven/maven-settings/3.2.5/maven-settings-3.2.5.jar:/Users/hajarassim/.m2/repository/org/apache/maven/maven-settings-builder/3.2.5/maven-settings-builder-3.2.5.jar:/Users/hajarassim/.m2/repository/org/apache/maven/maven-repository-metadata/3.2.5/maven-repository-metadata-3.2.5.jar:/Users/hajarassim/.m2/repository/org/apache/maven/maven-model-builder/3.2.5/maven-model-builder-3.2.5.jar:/Users/hajarassim/.m2/repository/org/apache/maven/maven-aether-provider/3.2.5/maven-aether-provider-3.2.5.jar:/Users/hajarassim/.m2/repository/org/eclipse/aether/aether-spi/1.0.0.v20140518/aether-spi-1.0.0.v20140518.jar:/Users/hajarassim/.m2/repository/org/eclipse/aether/aether-impl/1.0.0.v20140518/aether-impl-1.0.0.v20140518.jar:/Users/hajarassim/.m2/repository/org/eclipse/aether/aether-api/1.0.0.v20140518/aether-api-1.0.0.v20140518.jar:/Users/hajarassim/.m2/repository/org/eclipse/aether/aether-util/1.0.0.v20140518/aether-util-1.0.0.v20140518.jar:/Users/hajarassim/.m2/repository/org/sonatype/sisu/sisu-guice/3.2.3/sisu-guice-3.2.3-no_aop.jar:/Users/hajarassim/.m2/repository/aopalliance/aopalliance/1.0/aopalliance-1.0.jar:/Users/hajarassim/.m2/repository/com/google/guava/guava/16.0.1/guava-16.0.1.jar:/Users/hajarassim/.m2/repository/org/codehaus/plexus/plexus-interpolation/1.21/plexus-interpolation-1.21.jar:/Users/hajarassim/.m2/repository/org/codehaus/plexus/plexus-classworlds/2.5.2/plexus-classworlds-2.5.2.jar:/Users/hajarassim/.m2/repository/org/codehaus/plexus/plexus-component-annotations/1.5.5/plexus-component-annotations-1.5.5.jar:/Users/hajarassim/.m2/repository/org/sonatype/plexus/plexus-sec-dispatcher/1.3/plexus-sec-dispatcher-1.3.jar:/Users/hajarassim/.m2/repository/org/sonatype/plexus/plexus-cipher/1.4/plexus-cipher-1.4.jar:/Users/hajarassim/.m2/repository/org/apache/maven/maven-model/3.2.5/maven-model-3.2.5.jar:/Users/hajarassim/.m2/repository/org/apache/maven/maven-plugin-api/3.2.5/maven-plugin-api-3.2.5.jar:/Users/hajarassim/.m2/repository/org/apache/maven/maven-artifact/3.2.5/maven-artifact-3.2.5.jar:/Users/hajarassim/.m2/repository/org/slf4j/slf4j-api/1.7.36/slf4j-api-1.7.36.jar:/Users/hajarassim/.m2/repository/org/apache/maven/reporting/maven-reporting-api/3.1.1/maven-reporting-api-3.1.1.jar:/Users/hajarassim/.m2/repository/org/apache/maven/doxia/doxia-sink-api/1.11.1/doxia-sink-api-1.11.1.jar:/Users/hajarassim/.m2/repository/org/apache/maven/doxia/doxia-logging-api/1.11.1/doxia-logging-api-1.11.1.jar:/Users/hajarassim/.m2/repository/org/codehaus/plexus/plexus-xml/3.0.0/plexus-xml-3.0.0.jar:/Users/hajarassim/.m2/repository/org/apache/httpcomponents/httpclient/4.5.14/httpclient-4.5.14.jar:/Users/hajarassim/.m2/repository/commons-logging/commons-logging/1.2/commons-logging-1.2.jar:/Users/hajarassim/.m2/repository/commons-codec/commons-codec/1.11/commons-codec-1.11.jar:/Users/hajarassim/.m2/repository/org/apache/httpcomponents/httpcore/4.4.16/httpcore-4.4.16.jar:/Users/hajarassim/.m2/repository/org/apache/maven/wagon/wagon-provider-api/2.4/wagon-provider-api-2.4.jar:/Users/hajarassim/.m2/repository/org/codehaus/plexus/plexus-java/1.2.0/plexus-java-1.2.0.jar:/Users/hajarassim/.m2/repository/org/apache/maven/plugin-tools/maven-plugin-tools-generators/3.10.2/maven-plugin-tools-generators-3.10.2.jar:/Users/hajarassim/.m2/repository/org/apache/velocity/velocity/1.7/velocity-1.7.jar:/Users/hajarassim/.m2/repository/commons-lang/commons-lang/2.4/commons-lang-2.4.jar:/Users/hajarassim/.m2/repository/org/ow2/asm/asm/9.6/asm-9.6.jar:/Users/hajarassim/.m2/repository/org/ow2/asm/asm-commons/9.6/asm-commons-9.6.jar:/Users/hajarassim/.m2/repository/org/ow2/asm/asm-tree/9.6/asm-tree-9.6.jar:/Users/hajarassim/.m2/repository/org/jsoup/jsoup/1.16.2/jsoup-1.16.2.jar:/Users/hajarassim/.m2/repository/net/sf/jtidy/jtidy/r938/jtidy-r938.jar:/Users/hajarassim/.m2/repository/org/apache/maven/plugin-tools/maven-plugin-tools-java/3.10.2/maven-plugin-tools-java-3.10.2.jar:/Users/hajarassim/.m2/repository/org/eclipse/sisu/org.eclipse.sisu.plexus/0.9.0.M2/org.eclipse.sisu.plexus-0.9.0.M2.jar:/Users/hajarassim/.m2/repository/javax/annotation/javax.annotation-api/1.2/javax.annotation-api-1.2.jar:/Users/hajarassim/.m2/repository/javax/enterprise/cdi-api/1.2/cdi-api-1.2.jar:/Users/hajarassim/.m2/repository/org/eclipse/sisu/org.eclipse.sisu.inject/0.9.0.M2/org.eclipse.sisu.inject-0.9.0.M2.jar:/Users/hajarassim/.m2/repository/com/thoughtworks/qdox/qdox/2.0.3/qdox-2.0.3.jar:/Users/hajarassim/.m2/repository/org/apache/maven/plugin-tools/maven-plugin-tools-annotations/3.10.2/maven-plugin-tools-annotations-3.10.2.jar:/Users/hajarassim/.m2/repository/org/codehaus/plexus/plexus-archiver/4.8.0/plexus-archiver-4.8.0.jar:/Users/hajarassim/.m2/repository/javax/inject/javax.inject/1/javax.inject-1.jar:/Users/hajarassim/.m2/repository/org/codehaus/plexus/plexus-io/3.4.1/plexus-io-3.4.1.jar:/Users/hajarassim/.m2/repository/commons-io/commons-io/2.13.0/commons-io-2.13.0.jar:/Users/hajarassim/.m2/repository/org/apache/commons/commons-compress/1.23.0/commons-compress-1.23.0.jar:/Users/hajarassim/.m2/repository/org/iq80/snappy/snappy/0.4/snappy-0.4.jar:/Users/hajarassim/.m2/repository/org/tukaani/xz/1.9/xz-1.9.jar:/Users/hajarassim/.m2/repository/com/github/luben/zstd-jni/1.5.5-5/zstd-jni-1.5.5-5.jar:/Users/hajarassim/.m2/repository/org/ow2/asm/asm-util/9.6/asm-util-9.6.jar:/Users/hajarassim/.m2/repository/org/ow2/asm/asm-analysis/9.6/asm-analysis-9.6.jar:/Users/hajarassim/.m2/repository/org/apache/maven/plugin-tools/maven-plugin-annotations/3.10.2/maven-plugin-annotations-3.10.2.jar:/Users/hajarassim/.m2/repository/org/codehaus/plexus/plexus-utils/4.0.0/plexus-utils-4.0.0.jar:/Users/hajarassim/.m2/repository/org/codehaus/plexus/plexus-velocity/1.2/plexus-velocity-1.2.jar:/Users/hajarassim/.m2/repository/commons-collections/commons-collections/3.1/commons-collections-3.1.jar:/Users/hajarassim/.m2/repository/org/sonatype/plexus/plexus-build-api/0.0.7/plexus-build-api-0.0.7.jar:/Users/hajarassim/.m2/repository/org/junit/jupiter/junit-jupiter-api/5.8.2/junit-jupiter-api-5.8.2.jar:/Users/hajarassim/.m2/repository/org/opentest4j/opentest4j/1.2.0/opentest4j-1.2.0.jar:/Users/hajarassim/.m2/repository/org/junit/platform/junit-platform-commons/1.8.2/junit-platform-commons-1.8.2.jar:/Users/hajarassim/.m2/repository/org/apiguardian/apiguardian-api/1.1.2/apiguardian-api-1.1.2.jar:/Users/hajarassim/.m2/repository/org/junit/jupiter/junit-jupiter-engine/5.8.2/junit-jupiter-engine-5.8.2.jar:/Users/hajarassim/.m2/repository/org/junit/platform/junit-platform-engine/1.8.2/junit-platform-engine-1.8.2.jar:/Users/hajarassim/.m2/repository/junit/junit/4.13.2/junit-4.13.2.jar:/Users/hajarassim/.m2/repository/org/hamcrest/hamcrest-core/1.3/hamcrest-core-1.3.jar:"/>
    <property name="sun.cpu.endian" value="little"/>
    <property name="user.home" value="/Users/hajarassim"/>
    <property name="user.language" value="en"/>
    <property name="java.specification.vendor" value="Oracle Corporation"/>
    <property name="java.version.date" value="2023-10-17"/>
    <property name="java.home" value="/Users/hajarassim/Library/Java/JavaVirtualMachines/openjdk-21.0.1/Contents/Home"/>
    <property name="file.separator" value="/"/>
    <property name="basedir" value="/Users/hajarassim/Desktop/school/third_year/fall/sysc_3110/group_project/project"/>
    <property name="java.vm.compressedOopsMode" value="Zero based"/>
    <property name="line.separator" value="&#10;"/>
    <property name="java.vm.specification.vendor" value="Oracle Corporation"/>
    <property name="java.specification.name" value="Java Platform API Specification"/>
    <property name="apple.awt.application.name" value="ForkedBooter"/>
    <property name="surefire.real.class.path" value="/Users/hajarassim/Desktop/school/third_year/fall/sysc_3110/group_project/project/target/surefire/surefirebooter-20231126191055226_3.jar"/>
    <property name="sun.management.compiler" value="HotSpot 64-Bit Tiered Compilers"/>
    <property name="ftp.nonProxyHosts" value="local|*.local|169.254/16|*.169.254/16"/>
    <property name="java.runtime.version" value="21.0.1+12-29"/>
    <property name="user.name" value="hajarassim"/>
    <property name="stdout.encoding" value="UTF-8"/>
    <property name="path.separator" value=":"/>
    <property name="os.version" value="13.4"/>
    <property name="java.runtime.name" value="OpenJDK Runtime Environment"/>
    <property name="file.encoding" value="UTF-8"/>
    <property name="java.vm.name" value="OpenJDK 64-Bit Server VM"/>
    <property name="localRepository" value="/Users/hajarassim/.m2/repository"/>
    <property name="java.vendor.url.bug" value="https://bugreport.java.com/bugreport/"/>
    <property name="java.io.tmpdir" value="/var/folders/zb/z948rk5j1s9gdtwx_5gtfwjw0000gn/T/"/>
    <property name="idea.version" value="2023.2.5"/>
    <property name="java.version" value="21.0.1"/>
    <property name="user.dir" value="/Users/hajarassim/Desktop/school/third_year/fall/sysc_3110/group_project/project"/>
    <property name="os.arch" value="aarch64"/>
    <property name="java.vm.specification.name" value="Java Virtual Machine Specification"/>
    <property name="native.encoding" value="UTF-8"/>
    <property name="java.library.path" value="/Users/hajarassim/Library/Java/Extensions:/Library/Java/Extensions:/Network/Library/Java/Extensions:/System/Library/Java/Extensions:/usr/lib/java:."/>
    <property name="java.vm.info" value="mixed mode, sharing"/>
    <property name="stderr.encoding" value="UTF-8"/>
    <property name="java.vendor" value="Oracle Corporation"/>
    <property name="java.vm.version" value="21.0.1+12-29"/>
    <property name="sun.io.unicode.encoding" value="UnicodeBig"/>
    <property name="socksNonProxyHosts" value="local|*.local|169.254/16|*.169.254/16"/>
    <property name="java.class.version" value="65.0"/>
  </properties>
  <testcase name="testPlayCard" classname="org.example.uno.cards.DrawOneCardTest" time="0.019">
    <system-out><![CDATA[Cannot remove BLUE DRAW_ONE_CARD as this is not in the players hand
7
12
]]></system-out>
  </testcase>
  <testcase name="testGetValue" classname="org.example.uno.cards.DrawOneCardTest" time="0"/>
  <testcase name="testToString" classname="org.example.uno.cards.DrawOneCardTest" time="0.001"/>
</testsuite>