<?xml version="1.0" encoding="UTF-8"?>
<testsuite xmlns:xsi="http://www.w3.org/2001/XMLSchema-instance" xsi:noNamespaceSchemaLocation="https://maven.apache.org/surefire/maven-surefire-plugin/xsd/surefire-test-report-3.0.xsd" version="3.0" name="org.example.uno.cards.DrawOneCardTest" time="0.067" tests="4" errors="0" skipped="0" failures="0">
  <properties>
    <property name="java.specification.version" value="19"/>
    <property name="sun.jnu.encoding" value="UTF-8"/>
    <property name="java.class.path" value="/Users/hajer/Downloads/school/3rdYear/FALL/SYSC3110/PROJECT/Group13_Project/target/test-classes:/Users/hajer/Downloads/school/3rdYear/FALL/SYSC3110/PROJECT/Group13_Project/target/classes:/Users/hajer/.m2/repository/org/junit/jupiter/junit-jupiter-api/5.8.2/junit-jupiter-api-5.8.2.jar:/Users/hajer/.m2/repository/org/opentest4j/opentest4j/1.2.0/opentest4j-1.2.0.jar:/Users/hajer/.m2/repository/org/junit/platform/junit-platform-commons/1.8.2/junit-platform-commons-1.8.2.jar:/Users/hajer/.m2/repository/org/apiguardian/apiguardian-api/1.1.2/apiguardian-api-1.1.2.jar:/Users/hajer/.m2/repository/org/junit/jupiter/junit-jupiter-engine/5.8.2/junit-jupiter-engine-5.8.2.jar:/Users/hajer/.m2/repository/org/junit/platform/junit-platform-engine/1.8.2/junit-platform-engine-1.8.2.jar:/Users/hajer/.m2/repository/junit/junit/4.13.2/junit-4.13.2.jar:/Users/hajer/.m2/repository/org/hamcrest/hamcrest-core/1.3/hamcrest-core-1.3.jar:"/>
    <property name="java.vm.vendor" value="Oracle Corporation"/>
    <property name="sun.arch.data.model" value="64"/>
    <property name="java.vendor.url" value="https://java.oracle.com/"/>
    <property name="os.name" value="Mac OS X"/>
    <property name="java.vm.specification.version" value="19"/>
    <property name="sun.java.launcher" value="SUN_STANDARD"/>
    <property name="user.country" value="CA"/>
    <property name="sun.boot.library.path" value="/Users/hajer/Library/Java/JavaVirtualMachines/openjdk-19.0.1/Contents/Home/lib"/>
    <property name="sun.java.command" value="/Users/hajer/Downloads/school/3rdYear/FALL/SYSC3110/PROJECT/Group13_Project/target/surefire/surefirebooter-20231022205432091_3.jar /Users/hajer/Downloads/school/3rdYear/FALL/SYSC3110/PROJECT/Group13_Project/target/surefire 2023-10-22T20-54-31_991-jvmRun1 surefire-20231022205432091_1tmp surefire_0-20231022205432091_2tmp"/>
    <property name="http.nonProxyHosts" value="local|*.local|169.254/16|*.169.254/16"/>
    <property name="jdk.debug" value="release"/>
    <property name="surefire.test.class.path" value="/Users/hajer/Downloads/school/3rdYear/FALL/SYSC3110/PROJECT/Group13_Project/target/test-classes:/Users/hajer/Downloads/school/3rdYear/FALL/SYSC3110/PROJECT/Group13_Project/target/classes:/Users/hajer/.m2/repository/org/junit/jupiter/junit-jupiter-api/5.8.2/junit-jupiter-api-5.8.2.jar:/Users/hajer/.m2/repository/org/opentest4j/opentest4j/1.2.0/opentest4j-1.2.0.jar:/Users/hajer/.m2/repository/org/junit/platform/junit-platform-commons/1.8.2/junit-platform-commons-1.8.2.jar:/Users/hajer/.m2/repository/org/apiguardian/apiguardian-api/1.1.2/apiguardian-api-1.1.2.jar:/Users/hajer/.m2/repository/org/junit/jupiter/junit-jupiter-engine/5.8.2/junit-jupiter-engine-5.8.2.jar:/Users/hajer/.m2/repository/org/junit/platform/junit-platform-engine/1.8.2/junit-platform-engine-1.8.2.jar:/Users/hajer/.m2/repository/junit/junit/4.13.2/junit-4.13.2.jar:/Users/hajer/.m2/repository/org/hamcrest/hamcrest-core/1.3/hamcrest-core-1.3.jar:"/>
    <property name="sun.cpu.endian" value="little"/>
    <property name="user.home" value="/Users/hajer"/>
    <property name="user.language" value="en"/>
    <property name="java.specification.vendor" value="Oracle Corporation"/>
    <property name="java.version.date" value="2022-10-18"/>
    <property name="java.home" value="/Users/hajer/Library/Java/JavaVirtualMachines/openjdk-19.0.1/Contents/Home"/>
    <property name="file.separator" value="/"/>
    <property name="basedir" value="/Users/hajer/Downloads/school/3rdYear/FALL/SYSC3110/PROJECT/Group13_Project"/>
    <property name="java.vm.compressedOopsMode" value="Zero based"/>
    <property name="line.separator" value="&#10;"/>
    <property name="java.vm.specification.vendor" value="Oracle Corporation"/>
    <property name="java.specification.name" value="Java Platform API Specification"/>
    <property name="apple.awt.application.name" value="ForkedBooter"/>
    <property name="surefire.real.class.path" value="/Users/hajer/Downloads/school/3rdYear/FALL/SYSC3110/PROJECT/Group13_Project/target/surefire/surefirebooter-20231022205432091_3.jar"/>
    <property name="sun.management.compiler" value="HotSpot 64-Bit Tiered Compilers"/>
    <property name="ftp.nonProxyHosts" value="local|*.local|169.254/16|*.169.254/16"/>
    <property name="java.runtime.version" value="19.0.1+10-21"/>
    <property name="user.name" value="hajer"/>
    <property name="stdout.encoding" value="UTF-8"/>
    <property name="path.separator" value=":"/>
    <property name="os.version" value="13.5.1"/>
    <property name="java.runtime.name" value="OpenJDK Runtime Environment"/>
    <property name="file.encoding" value="UTF-8"/>
    <property name="java.vm.name" value="OpenJDK 64-Bit Server VM"/>
    <property name="localRepository" value="/Users/hajer/.m2/repository"/>
    <property name="java.vendor.url.bug" value="https://bugreport.java.com/bugreport/"/>
    <property name="java.io.tmpdir" value="/var/folders/2l/fch9pc812n56prh29s9pw71w0000gn/T/"/>
    <property name="idea.version" value="2023.2"/>
    <property name="java.version" value="19.0.1"/>
    <property name="user.dir" value="/Users/hajer/Downloads/school/3rdYear/FALL/SYSC3110/PROJECT/Group13_Project"/>
    <property name="os.arch" value="x86_64"/>
    <property name="java.vm.specification.name" value="Java Virtual Machine Specification"/>
    <property name="native.encoding" value="UTF-8"/>
    <property name="java.library.path" value="/Users/hajer/Library/Java/Extensions:/Library/Java/Extensions:/Network/Library/Java/Extensions:/System/Library/Java/Extensions:/usr/lib/java:."/>
    <property name="java.vm.info" value="mixed mode, sharing"/>
    <property name="stderr.encoding" value="UTF-8"/>
    <property name="java.vendor" value="Oracle Corporation"/>
    <property name="java.vm.version" value="19.0.1+10-21"/>
    <property name="sun.io.unicode.encoding" value="UnicodeBig"/>
    <property name="socksNonProxyHosts" value="local|*.local|169.254/16|*.169.254/16"/>
    <property name="java.class.version" value="63.0"/>
  </properties>
  <testcase name="testCardPlayThreePlayer" classname="org.example.uno.cards.DrawOneCardTest" time="0.043">
    <system-out><![CDATA[Cannot remove BLUE DRAW_ONE_CARD as this is not in the players hand
Drew a card: RED FOUR
Beta has to draw two due to Draw One Card: RED FOUR
]]></system-out>
  </testcase>
  <testcase name="testGetValue" classname="org.example.uno.cards.DrawOneCardTest" time="0"/>
  <testcase name="testToString" classname="org.example.uno.cards.DrawOneCardTest" time="0"/>
  <testcase name="testCardPlayTwoPlayer" classname="org.example.uno.cards.DrawOneCardTest" time="0.001">
    <system-out><![CDATA[Cannot remove BLUE DRAW_ONE_CARD as this is not in the players hand
Drew a card: BLUE FOUR
Beta has to draw two due to Draw One Card: BLUE FOUR
]]></system-out>
  </testcase>
</testsuite>